<?xml version="1.0" encoding="UTF-8"?>
<testsuite name="warmup.SpeedOffendersTests" tests="4" skipped="0" failures="0" errors="0" timestamp="2023-09-10T10:16:15" hostname="fedora" time="0.011">
  <properties/>
  <testcase name="speedOffender1" classname="warmup.SpeedOffendersTests" time="0.009"/>
  <testcase name="speedOffender2" classname="warmup.SpeedOffendersTests" time="0.0"/>
  <testcase name="speedOffender3" classname="warmup.SpeedOffendersTests" time="0.0"/>
  <testcase name="speedOffender4" classname="warmup.SpeedOffendersTests" time="0.001"/>
  <system-out><![CDATA[]]></system-out>
  <system-err><![CDATA[]]></system-err>
</testsuite>
