<?xml version="1.0" encoding="UTF-8"?>
<testsuite name="warmup.AverageGradeTests" tests="3" skipped="0" failures="0" errors="0" timestamp="2023-09-10T10:16:15" hostname="fedora" time="0.003">
  <properties/>
  <testcase name="testaverage0" classname="warmup.AverageGradeTests" time="0.001"/>
  <testcase name="testaverage1" classname="warmup.AverageGradeTests" time="0.0"/>
  <testcase name="testaverage2" classname="warmup.AverageGradeTests" time="0.0"/>
  <system-out><![CDATA[]]></system-out>
  <system-err><![CDATA[]]></system-err>
</testsuite>
