<?xml version="1.0" encoding="UTF-8"?>
<testsuite name="warmup.EloScoresTests" tests="4" skipped="0" failures="0" errors="0" timestamp="2023-09-10T10:16:15" hostname="fedora" time="0.006">
  <properties/>
  <testcase name="elo1" classname="warmup.EloScoresTests" time="0.003"/>
  <testcase name="elo2" classname="warmup.EloScoresTests" time="0.0"/>
  <testcase name="elo3" classname="warmup.EloScoresTests" time="0.0"/>
  <testcase name="elo4" classname="warmup.EloScoresTests" time="0.0"/>
  <system-out><![CDATA[]]></system-out>
  <system-err><![CDATA[]]></system-err>
</testsuite>
