<?xml version="1.0" encoding="UTF-8"?>
<testsuite name="warmup.WordCountTests" tests="3" skipped="0" failures="0" errors="0" timestamp="2023-09-10T10:16:15" hostname="fedora" time="0.006">
  <properties/>
  <testcase name="wordcount0" classname="warmup.WordCountTests" time="0.003"/>
  <testcase name="wordcount1" classname="warmup.WordCountTests" time="0.002"/>
  <testcase name="wordcount2" classname="warmup.WordCountTests" time="0.001"/>
  <system-out><![CDATA[]]></system-out>
  <system-err><![CDATA[]]></system-err>
</testsuite>
