<?xml version="1.0" encoding="UTF-8"?>
<testsuite name="repls.MultiSetReplTests" tests="45" skipped="0" failures="0" errors="0" timestamp="2023-10-19T16:16:50" hostname="fedora" time="0.047">
  <properties/>
  <testcase name="Echo simple" classname="repls.MultiSetReplTests" time="0.006"/>
  <testcase name="Echo brackets" classname="repls.MultiSetReplTests" time="0.001"/>
  <testcase name="Evaluate summation simple" classname="repls.MultiSetReplTests" time="0.002"/>
  <testcase name="Evaluate summation brackets" classname="repls.MultiSetReplTests" time="0.005"/>
  <testcase name="Evaluate summation longer names" classname="repls.MultiSetReplTests" time="0.001"/>
  <testcase name="Evaluate subtraction simple" classname="repls.MultiSetReplTests" time="0.001"/>
  <testcase name="Evaluate subtraction brackets" classname="repls.MultiSetReplTests" time="0.001"/>
  <testcase name="Evaluate intersection simple" classname="repls.MultiSetReplTests" time="0.001"/>
  <testcase name="Evaluate intersection brackets" classname="repls.MultiSetReplTests" time="0.001"/>
  <testcase name="Evaluate expressions simple" classname="repls.MultiSetReplTests" time="0.001"/>
  <testcase name="Evaluate expressions brackets" classname="repls.MultiSetReplTests" time="0.001"/>
  <testcase name="Evaluate expressions nested brackets" classname="repls.MultiSetReplTests" time="0.0"/>
  <testcase name="Evaluate expressions advanced brackets" classname="repls.MultiSetReplTests" time="0.0"/>
  <testcase name="Assign variables simple" classname="repls.MultiSetReplTests" time="0.0"/>
  <testcase name="Assign variables and evaluate" classname="repls.MultiSetReplTests" time="0.001"/>
  <testcase name="Assign variables reuse" classname="repls.MultiSetReplTests" time="0.0"/>
  <testcase name="Assign variables reassign" classname="repls.MultiSetReplTests" time="0.001"/>
  <testcase name="Assign variables evaluate" classname="repls.MultiSetReplTests" time="0.001"/>
  <testcase name="Assign variables advanced" classname="repls.MultiSetReplTests" time="0.001"/>
  <testcase name="Simplify simple" classname="repls.MultiSetReplTests" time="0.002"/>
  <testcase name="Simplify empty set left" classname="repls.MultiSetReplTests" time="0.0"/>
  <testcase name="Simplify empty set right" classname="repls.MultiSetReplTests" time="0.0"/>
  <testcase name="Simplify intersection by itself" classname="repls.MultiSetReplTests" time="0.001"/>
  <testcase name="Simplify intersection by empty set left" classname="repls.MultiSetReplTests" time="0.0"/>
  <testcase name="Simplify intersection by empty set right" classname="repls.MultiSetReplTests" time="0.0"/>
  <testcase name="Simplify brackets" classname="repls.MultiSetReplTests" time="0.001"/>
  <testcase name="Simplify leading empty set" classname="repls.MultiSetReplTests" time="0.0"/>
  <testcase name="Simplify trailing empty set" classname="repls.MultiSetReplTests" time="0.0"/>
  <testcase name="Simplify abstract simple" classname="repls.MultiSetReplTests" time="0.0"/>
  <testcase name="Simplify unneeded empty set on abstract left" classname="repls.MultiSetReplTests" time="0.001"/>
  <testcase name="Simplify unneeded empty set on abstract right" classname="repls.MultiSetReplTests" time="0.0"/>
  <testcase name="Simplify multiply by empty set on abstract left" classname="repls.MultiSetReplTests" time="0.0"/>
  <testcase name="Simplify multiply by empty set on abstract right" classname="repls.MultiSetReplTests" time="0.001"/>
  <testcase name="Simplify intersection by its abstract self" classname="repls.MultiSetReplTests" time="0.0"/>
  <testcase name="Simplify intersection by its abstract self compositie" classname="repls.MultiSetReplTests" time="0.001"/>
  <testcase name="Simplify subtract abstract" classname="repls.MultiSetReplTests" time="0.0"/>
  <testcase name="Simplify subtract abstract nested" classname="repls.MultiSetReplTests" time="0.0"/>
  <testcase name="Simplify abstract brackets" classname="repls.MultiSetReplTests" time="0.001"/>
  <testcase name="Simplify abstract advanced" classname="repls.MultiSetReplTests" time="0.0"/>
  <testcase name="Simplify abstract brackets 2" classname="repls.MultiSetReplTests" time="0.001"/>
  <testcase name="Simplify nested" classname="repls.MultiSetReplTests" time="0.0"/>
  <testcase name="Simplify advanced" classname="repls.MultiSetReplTests" time="0.0"/>
  <testcase name="Simplify with assigned variables" classname="repls.MultiSetReplTests" time="0.001"/>
  <testcase name="Simplify with assigned variables brackets" classname="repls.MultiSetReplTests" time="0.001"/>
  <testcase name="Simplify with assigned variables advanced" classname="repls.MultiSetReplTests" time="0.001"/>
  <system-out><![CDATA[]]></system-out>
  <system-err><![CDATA[]]></system-err>
</testsuite>
