<?xml version="1.0" encoding="UTF-8"?>
<testsuite name="tetris.GameOverTests" tests="4" skipped="0" failures="0" errors="0" timestamp="2023-10-06T14:09:14" hostname="re-guest-195-169-170-97.wireless.uva.nl" time="0.005">
  <properties/>
  <testcase name="testGameOver" classname="tetris.GameOverTests" time="0.002"/>
  <testcase name="testNoEscapeGameOver" classname="tetris.GameOverTests" time="0.0"/>
  <testcase name="testNoEscapeGameOver2" classname="tetris.GameOverTests" time="0.0"/>
  <testcase name="testNoGameOverTightFit" classname="tetris.GameOverTests" time="0.0"/>
  <system-out><![CDATA[]]></system-out>
  <system-err><![CDATA[]]></system-err>
</testsuite>
