<?xml version="1.0" encoding="UTF-8"?>
<testsuite name="tetris.DropTests" tests="1" skipped="0" failures="0" errors="0" timestamp="2023-10-06T14:09:14" hostname="re-guest-195-169-170-97.wireless.uva.nl" time="0.012">
  <properties/>
  <testcase name="testDrop" classname="tetris.DropTests" time="0.012"/>
  <system-out><![CDATA[]]></system-out>
  <system-err><![CDATA[]]></system-err>
</testsuite>
