<?xml version="1.0" encoding="UTF-8"?>
<testsuite name="snake.reverse.ReverseTests" tests="5" skipped="0" failures="0" errors="0" timestamp="2023-09-24T09:28:58" hostname="fedora" time="0.013">
  <properties/>
  <testcase name="testReverseSimple" classname="snake.reverse.ReverseTests" time="0.002"/>
  <testcase name="testReversePastStart" classname="snake.reverse.ReverseTests" time="0.001"/>
  <testcase name="testReverseGameOver" classname="snake.reverse.ReverseTests" time="0.001"/>
  <testcase name="testChangeThePast" classname="snake.reverse.ReverseTests" time="0.002"/>
  <testcase name="testReverseLong" classname="snake.reverse.ReverseTests" time="0.005"/>
  <system-out><![CDATA[You got 30/30 points!
Your grade for the snake exercise will be : 5.50
]]></system-out>
  <system-err><![CDATA[]]></system-err>
</testsuite>
