<?xml version="1.0" encoding="UTF-8"?>
<testsuite name="snake.basic.DeathTests" tests="3" skipped="0" failures="0" errors="0" timestamp="2023-09-24T09:28:58" hostname="fedora" time="0.008">
  <properties/>
  <testcase name="testGameOver" classname="snake.basic.DeathTests" time="0.003"/>
  <testcase name="testPreciselyDoesNotDie" classname="snake.basic.DeathTests" time="0.002"/>
  <testcase name="testNoEscapeGameOver" classname="snake.basic.DeathTests" time="0.002"/>
  <system-out><![CDATA[]]></system-out>
  <system-err><![CDATA[]]></system-err>
</testsuite>
